2023-03-20 06:56:01,297 [WARN] com.zaxxer.hikari.pool.HikariPool [HikariPool-1 housekeeper] HikariPool-1 - Thread starvation or clock leap detected (housekeeper delta=5h22m27s41ms761µs200ns).
2023-03-20 07:26:53,193 [WARN] com.zaxxer.hikari.pool.HikariPool [HikariPool-1 housekeeper] HikariPool-1 - Thread starvation or clock leap detected (housekeeper delta=16m22s900ms826µs900ns).
2023-03-20 08:11:21,455 [WARN] com.zaxxer.hikari.pool.HikariPool [HikariPool-1 housekeeper] HikariPool-1 - Thread starvation or clock leap detected (housekeeper delta=17m28s260ms258µs500ns).
2023-03-20 08:42:32,608 [WARN] com.zaxxer.hikari.pool.HikariPool [HikariPool-1 housekeeper] HikariPool-1 - Thread starvation or clock leap detected (housekeeper delta=27m41s181ms257µs800ns).
2023-03-20 08:43:44,931 [WARN] com.zaxxer.hikari.pool.HikariPool [HikariPool-1 housekeeper] HikariPool-1 - Thread starvation or clock leap detected (housekeeper delta=1m12s360ms359µs500ns).
2023-03-20 09:00:39,331 [TRACE] com.ashen.student.controller.StudentController [http-nio-8080-exec-4] All Students Listed!
2023-03-20 09:00:39,427 [TRACE] com.ashen.student.controller.StudentController [http-nio-8080-exec-3] All Students Listed!
2023-03-20 09:01:11,367 [TRACE] com.ashen.student.controller.StudentController [http-nio-8080-exec-7] Deleted Student!
2023-03-20 09:01:11,662 [TRACE] com.ashen.student.controller.StudentController [http-nio-8080-exec-9] All Students Listed!
2023-03-20 09:08:20,143 [TRACE] com.ashen.student.controller.StudentController [http-nio-8080-exec-2] All Students Listed!
2023-03-20 09:08:20,163 [TRACE] com.ashen.student.controller.StudentController [http-nio-8080-exec-1] All Students Listed!
2023-03-20 09:36:36,747 [INFO] org.springframework.orm.jpa.LocalContainerEntityManagerFactoryBean [SpringApplicationShutdownHook] Closing JPA EntityManagerFactory for persistence unit 'default'
2023-03-20 09:36:36,763 [INFO] com.zaxxer.hikari.HikariDataSource [SpringApplicationShutdownHook] HikariPool-1 - Shutdown initiated...
2023-03-20 09:36:36,776 [INFO] com.zaxxer.hikari.HikariDataSource [SpringApplicationShutdownHook] HikariPool-1 - Shutdown completed.
2023-03-20 09:36:44,821 [INFO] com.ashen.student.StudentSystemApiApplication [main] Starting StudentSystemApiApplication using Java 19.0.1 on LAPTOP-TMA1IPJL with PID 46876 (D:\KDU\Semester 5\Software Construction Technologies and Tools\student-management-backend\student-system-api\target\classes started by ashen in D:\KDU\Semester 5\Software Construction Technologies and Tools\student-management-backend\student-system-api)
2023-03-20 09:36:44,824 [DEBUG] com.ashen.student.StudentSystemApiApplication [main] Running with Spring Boot v2.7.9, Spring v5.3.25
2023-03-20 09:36:44,825 [INFO] com.ashen.student.StudentSystemApiApplication [main] No active profile set, falling back to 1 default profile: "default"
2023-03-20 09:36:45,777 [INFO] org.springframework.data.repository.config.RepositoryConfigurationDelegate [main] Bootstrapping Spring Data JPA repositories in DEFAULT mode.
2023-03-20 09:36:45,887 [INFO] org.springframework.data.repository.config.RepositoryConfigurationDelegate [main] Finished Spring Data repository scanning in 94 ms. Found 2 JPA repository interfaces.
2023-03-20 09:36:46,747 [INFO] org.springframework.boot.web.embedded.tomcat.TomcatWebServer [main] Tomcat initialized with port(s): 8080 (http)
2023-03-20 09:36:46,764 [INFO] org.apache.catalina.core.StandardService [main] Starting service [Tomcat]
2023-03-20 09:36:46,765 [INFO] org.apache.catalina.core.StandardEngine [main] Starting Servlet engine: [Apache Tomcat/9.0.71]
2023-03-20 09:36:46,973 [INFO] org.apache.catalina.core.ContainerBase.[Tomcat].[localhost].[/] [main] Initializing Spring embedded WebApplicationContext
2023-03-20 09:36:46,974 [INFO] org.springframework.boot.web.servlet.context.ServletWebServerApplicationContext [main] Root WebApplicationContext: initialization completed in 2069 ms
2023-03-20 09:36:47,295 [INFO] org.hibernate.jpa.internal.util.LogHelper [main] HHH000204: Processing PersistenceUnitInfo [name: default]
2023-03-20 09:36:47,388 [INFO] org.hibernate.Version [main] HHH000412: Hibernate ORM core version 5.6.15.Final
2023-03-20 09:36:47,684 [INFO] org.hibernate.annotations.common.Version [main] HCANN000001: Hibernate Commons Annotations {5.1.2.Final}
2023-03-20 09:36:47,833 [INFO] com.zaxxer.hikari.HikariDataSource [main] HikariPool-1 - Starting...
2023-03-20 09:36:47,843 [WARN] com.zaxxer.hikari.util.DriverDataSource [main] Registered driver with driverClassName=com.mysql.jdbc.Driver was not found, trying direct instantiation.
2023-03-20 09:36:48,457 [INFO] com.zaxxer.hikari.HikariDataSource [main] HikariPool-1 - Start completed.
2023-03-20 09:36:48,509 [INFO] org.hibernate.dialect.Dialect [main] HHH000400: Using dialect: org.hibernate.dialect.MySQL8Dialect
2023-03-20 09:36:49,645 [INFO] org.hibernate.engine.transaction.jta.platform.internal.JtaPlatformInitiator [main] HHH000490: Using JtaPlatform implementation: [org.hibernate.engine.transaction.jta.platform.internal.NoJtaPlatform]
2023-03-20 09:36:49,662 [INFO] org.springframework.orm.jpa.LocalContainerEntityManagerFactoryBean [main] Initialized JPA EntityManagerFactory for persistence unit 'default'
2023-03-20 09:36:50,095 [WARN] org.springframework.boot.autoconfigure.orm.jpa.JpaBaseConfiguration$JpaWebConfiguration [main] spring.jpa.open-in-view is enabled by default. Therefore, database queries may be performed during view rendering. Explicitly configure spring.jpa.open-in-view to disable this warning
2023-03-20 09:36:50,657 [INFO] org.springframework.boot.web.embedded.tomcat.TomcatWebServer [main] Tomcat started on port(s): 8080 (http) with context path ''
2023-03-20 09:36:50,674 [INFO] com.ashen.student.StudentSystemApiApplication [main] Started StudentSystemApiApplication in 6.595 seconds (JVM running for 7.867)
2023-03-20 09:37:46,439 [INFO] org.apache.catalina.core.ContainerBase.[Tomcat].[localhost].[/] [http-nio-8080-exec-1] Initializing Spring DispatcherServlet 'dispatcherServlet'
2023-03-20 09:37:46,439 [INFO] org.springframework.web.servlet.DispatcherServlet [http-nio-8080-exec-1] Initializing Servlet 'dispatcherServlet'
2023-03-20 09:37:46,440 [INFO] org.springframework.web.servlet.DispatcherServlet [http-nio-8080-exec-1] Completed initialization in 1 ms
2023-03-20 09:37:46,509 [TRACE] com.ashen.student.controller.StudentController [http-nio-8080-exec-1] All Students Listed!
2023-03-20 09:37:46,840 [TRACE] com.ashen.student.controller.StudentController [http-nio-8080-exec-2] All Students Listed!
2023-03-20 09:37:50,734 [TRACE] com.ashen.student.controller.StudentController [http-nio-8080-exec-4] Deleted Student!
2023-03-20 09:37:50,861 [TRACE] com.ashen.student.controller.StudentController [http-nio-8080-exec-5] All Students Listed!
2023-03-20 09:37:51,613 [TRACE] com.ashen.student.controller.StudentController [http-nio-8080-exec-7] Deleted Student!
2023-03-20 09:37:51,638 [TRACE] com.ashen.student.controller.StudentController [http-nio-8080-exec-8] All Students Listed!
2023-03-20 09:39:08,950 [TRACE] com.ashen.student.controller.StudentController [http-nio-8080-exec-1] All Students Listed!
2023-03-20 09:43:44,416 [TRACE] com.ashen.student.controller.StudentController [http-nio-8080-exec-4] New Student Created!
2023-03-20 09:43:44,495 [TRACE] com.ashen.student.controller.StudentController [http-nio-8080-exec-5] All Students Listed!
2023-03-20 09:43:44,517 [TRACE] com.ashen.student.controller.StudentController [http-nio-8080-exec-6] All Students Listed!
2023-03-20 10:54:09,850 [WARN] com.zaxxer.hikari.pool.HikariPool [HikariPool-1 housekeeper] HikariPool-1 - Thread starvation or clock leap detected (housekeeper delta=23m21s239ms835µs900ns).
2023-03-20 11:17:21,509 [WARN] com.zaxxer.hikari.pool.HikariPool [HikariPool-1 housekeeper] HikariPool-1 - Thread starvation or clock leap detected (housekeeper delta=4m11s661ms759µs).
2023-03-20 11:19:25,350 [WARN] com.zaxxer.hikari.pool.HikariPool [HikariPool-1 housekeeper] HikariPool-1 - Thread starvation or clock leap detected (housekeeper delta=1m3s877ms466µs100ns).
2023-03-20 15:38:49,616 [WARN] com.zaxxer.hikari.pool.HikariPool [HikariPool-1 housekeeper] HikariPool-1 - Thread starvation or clock leap detected (housekeeper delta=4h16m27s880ms789µs400ns).
2023-03-20 17:14:22,607 [TRACE] com.ashen.student.controller.StudentController [http-nio-8080-exec-2] All Students Listed!
2023-03-20 17:14:22,684 [TRACE] com.ashen.student.controller.StudentController [http-nio-8080-exec-3] All Students Listed!
2023-03-20 17:14:33,464 [TRACE] com.ashen.student.controller.StudentController [http-nio-8080-exec-4] All Students Listed!
2023-03-20 17:14:33,482 [TRACE] com.ashen.student.controller.StudentController [http-nio-8080-exec-5] All Students Listed!
2023-03-20 17:14:49,240 [TRACE] com.ashen.student.controller.StudentController [http-nio-8080-exec-6] All Students Listed!
2023-03-20 17:14:49,258 [TRACE] com.ashen.student.controller.StudentController [http-nio-8080-exec-7] All Students Listed!
2023-03-20 17:14:50,720 [TRACE] com.ashen.student.controller.StudentController [http-nio-8080-exec-8] Student found by ID
2023-03-20 17:14:50,745 [TRACE] com.ashen.student.controller.StudentController [http-nio-8080-exec-9] Student found by ID
2023-03-20 17:14:50,755 [TRACE] com.ashen.student.controller.StudentController [http-nio-8080-exec-10] Student found by ID
2023-03-20 17:14:50,766 [TRACE] com.ashen.student.controller.StudentController [http-nio-8080-exec-1] Student found by ID
2023-03-20 17:14:50,776 [TRACE] com.ashen.student.controller.StudentController [http-nio-8080-exec-2] Student found by ID
2023-03-20 17:14:50,787 [TRACE] com.ashen.student.controller.StudentController [http-nio-8080-exec-3] Student found by ID
2023-03-20 17:14:50,797 [TRACE] com.ashen.student.controller.StudentController [http-nio-8080-exec-4] Student found by ID
2023-03-20 17:14:50,807 [TRACE] com.ashen.student.controller.StudentController [http-nio-8080-exec-5] Student found by ID
2023-03-20 17:14:50,816 [TRACE] com.ashen.student.controller.StudentController [http-nio-8080-exec-6] Student found by ID
2023-03-20 17:14:50,825 [TRACE] com.ashen.student.controller.StudentController [http-nio-8080-exec-7] Student found by ID
2023-03-20 17:14:50,835 [TRACE] com.ashen.student.controller.StudentController [http-nio-8080-exec-8] Student found by ID
2023-03-20 17:14:50,846 [TRACE] com.ashen.student.controller.StudentController [http-nio-8080-exec-9] Student found by ID
2023-03-20 17:14:50,858 [TRACE] com.ashen.student.controller.StudentController [http-nio-8080-exec-10] Student found by ID
2023-03-20 17:14:50,868 [TRACE] com.ashen.student.controller.StudentController [http-nio-8080-exec-1] Student found by ID
2023-03-20 17:14:50,879 [TRACE] com.ashen.student.controller.StudentController [http-nio-8080-exec-2] Student found by ID
2023-03-20 17:14:50,889 [TRACE] com.ashen.student.controller.StudentController [http-nio-8080-exec-3] Student found by ID
2023-03-20 17:14:50,900 [TRACE] com.ashen.student.controller.StudentController [http-nio-8080-exec-4] Student found by ID
2023-03-20 17:14:50,909 [TRACE] com.ashen.student.controller.StudentController [http-nio-8080-exec-5] Student found by ID
2023-03-20 17:14:50,920 [TRACE] com.ashen.student.controller.StudentController [http-nio-8080-exec-6] Student found by ID
2023-03-20 17:14:50,931 [TRACE] com.ashen.student.controller.StudentController [http-nio-8080-exec-7] Student found by ID
2023-03-20 17:14:50,943 [TRACE] com.ashen.student.controller.StudentController [http-nio-8080-exec-8] Student found by ID
2023-03-20 17:14:50,954 [TRACE] com.ashen.student.controller.StudentController [http-nio-8080-exec-9] Student found by ID
2023-03-20 17:14:50,963 [TRACE] com.ashen.student.controller.StudentController [http-nio-8080-exec-10] Student found by ID
2023-03-20 17:14:50,974 [TRACE] com.ashen.student.controller.StudentController [http-nio-8080-exec-1] Student found by ID
2023-03-20 17:14:50,984 [TRACE] com.ashen.student.controller.StudentController [http-nio-8080-exec-2] Student found by ID
2023-03-20 17:14:50,996 [TRACE] com.ashen.student.controller.StudentController [http-nio-8080-exec-3] Student found by ID
2023-03-20 17:14:51,006 [TRACE] com.ashen.student.controller.StudentController [http-nio-8080-exec-4] Student found by ID
2023-03-20 17:14:51,015 [TRACE] com.ashen.student.controller.StudentController [http-nio-8080-exec-5] Student found by ID
2023-03-20 17:14:51,026 [TRACE] com.ashen.student.controller.StudentController [http-nio-8080-exec-6] Student found by ID
2023-03-20 17:14:51,037 [TRACE] com.ashen.student.controller.StudentController [http-nio-8080-exec-7] Student found by ID
2023-03-20 17:14:51,047 [TRACE] com.ashen.student.controller.StudentController [http-nio-8080-exec-8] Student found by ID
2023-03-20 17:14:51,057 [TRACE] com.ashen.student.controller.StudentController [http-nio-8080-exec-9] Student found by ID
2023-03-20 17:14:51,067 [TRACE] com.ashen.student.controller.StudentController [http-nio-8080-exec-10] Student found by ID
2023-03-20 17:14:51,078 [TRACE] com.ashen.student.controller.StudentController [http-nio-8080-exec-1] Student found by ID
2023-03-20 17:14:51,087 [TRACE] com.ashen.student.controller.StudentController [http-nio-8080-exec-2] Student found by ID
2023-03-20 17:14:51,097 [TRACE] com.ashen.student.controller.StudentController [http-nio-8080-exec-3] Student found by ID
2023-03-20 17:14:51,105 [TRACE] com.ashen.student.controller.StudentController [http-nio-8080-exec-4] Student found by ID
2023-03-20 17:14:51,115 [TRACE] com.ashen.student.controller.StudentController [http-nio-8080-exec-5] Student found by ID
2023-03-20 17:14:51,125 [TRACE] com.ashen.student.controller.StudentController [http-nio-8080-exec-6] Student found by ID
2023-03-20 17:14:51,134 [TRACE] com.ashen.student.controller.StudentController [http-nio-8080-exec-7] Student found by ID
2023-03-20 17:14:51,145 [TRACE] com.ashen.student.controller.StudentController [http-nio-8080-exec-8] Student found by ID
2023-03-20 17:14:51,155 [TRACE] com.ashen.student.controller.StudentController [http-nio-8080-exec-8] Student found by ID
2023-03-20 17:14:51,166 [TRACE] com.ashen.student.controller.StudentController [http-nio-8080-exec-10] Student found by ID
2023-03-20 17:14:51,176 [TRACE] com.ashen.student.controller.StudentController [http-nio-8080-exec-1] Student found by ID
2023-03-20 17:14:51,185 [TRACE] com.ashen.student.controller.StudentController [http-nio-8080-exec-2] Student found by ID
2023-03-20 17:14:51,195 [TRACE] com.ashen.student.controller.StudentController [http-nio-8080-exec-3] Student found by ID
2023-03-20 17:14:51,207 [TRACE] com.ashen.student.controller.StudentController [http-nio-8080-exec-4] Student found by ID
2023-03-20 17:14:51,216 [TRACE] com.ashen.student.controller.StudentController [http-nio-8080-exec-5] Student found by ID
2023-03-20 17:14:51,228 [TRACE] com.ashen.student.controller.StudentController [http-nio-8080-exec-6] Student found by ID
2023-03-20 17:14:51,237 [TRACE] com.ashen.student.controller.StudentController [http-nio-8080-exec-7] Student found by ID
2023-03-20 17:14:51,246 [TRACE] com.ashen.student.controller.StudentController [http-nio-8080-exec-9] Student found by ID
2023-03-20 17:14:51,257 [TRACE] com.ashen.student.controller.StudentController [http-nio-8080-exec-8] Student found by ID
2023-03-20 17:14:51,268 [TRACE] com.ashen.student.controller.StudentController [http-nio-8080-exec-10] Student found by ID
2023-03-20 17:14:51,278 [TRACE] com.ashen.student.controller.StudentController [http-nio-8080-exec-1] Student found by ID
2023-03-20 17:14:51,289 [TRACE] com.ashen.student.controller.StudentController [http-nio-8080-exec-2] Student found by ID
2023-03-20 17:14:51,298 [TRACE] com.ashen.student.controller.StudentController [http-nio-8080-exec-3] Student found by ID
2023-03-20 17:14:51,307 [TRACE] com.ashen.student.controller.StudentController [http-nio-8080-exec-4] Student found by ID
2023-03-20 17:14:51,317 [TRACE] com.ashen.student.controller.StudentController [http-nio-8080-exec-5] Student found by ID
2023-03-20 17:14:51,327 [TRACE] com.ashen.student.controller.StudentController [http-nio-8080-exec-6] Student found by ID
2023-03-20 17:14:51,336 [TRACE] com.ashen.student.controller.StudentController [http-nio-8080-exec-7] Student found by ID
2023-03-20 17:14:51,347 [TRACE] com.ashen.student.controller.StudentController [http-nio-8080-exec-9] Student found by ID
2023-03-20 17:14:51,358 [TRACE] com.ashen.student.controller.StudentController [http-nio-8080-exec-8] Student found by ID
2023-03-20 17:14:51,369 [TRACE] com.ashen.student.controller.StudentController [http-nio-8080-exec-10] Student found by ID
2023-03-20 17:14:51,379 [TRACE] com.ashen.student.controller.StudentController [http-nio-8080-exec-1] Student found by ID
2023-03-20 17:14:51,388 [TRACE] com.ashen.student.controller.StudentController [http-nio-8080-exec-2] Student found by ID
2023-03-20 17:14:51,399 [TRACE] com.ashen.student.controller.StudentController [http-nio-8080-exec-3] Student found by ID
2023-03-20 17:14:51,409 [TRACE] com.ashen.student.controller.StudentController [http-nio-8080-exec-4] Student found by ID
2023-03-20 17:14:51,418 [TRACE] com.ashen.student.controller.StudentController [http-nio-8080-exec-5] Student found by ID
2023-03-20 17:14:51,428 [TRACE] com.ashen.student.controller.StudentController [http-nio-8080-exec-6] Student found by ID
2023-03-20 17:14:51,437 [TRACE] com.ashen.student.controller.StudentController [http-nio-8080-exec-7] Student found by ID
2023-03-20 17:14:51,447 [TRACE] com.ashen.student.controller.StudentController [http-nio-8080-exec-9] Student found by ID
2023-03-20 17:14:51,456 [TRACE] com.ashen.student.controller.StudentController [http-nio-8080-exec-8] Student found by ID
2023-03-20 17:14:51,466 [TRACE] com.ashen.student.controller.StudentController [http-nio-8080-exec-10] Student found by ID
2023-03-20 17:14:51,475 [TRACE] com.ashen.student.controller.StudentController [http-nio-8080-exec-1] Student found by ID
2023-03-20 17:14:51,485 [TRACE] com.ashen.student.controller.StudentController [http-nio-8080-exec-2] Student found by ID
2023-03-20 17:14:51,494 [TRACE] com.ashen.student.controller.StudentController [http-nio-8080-exec-3] Student found by ID
2023-03-20 17:14:51,503 [TRACE] com.ashen.student.controller.StudentController [http-nio-8080-exec-4] Student found by ID
2023-03-20 17:14:51,513 [TRACE] com.ashen.student.controller.StudentController [http-nio-8080-exec-5] Student found by ID
2023-03-20 17:14:51,522 [TRACE] com.ashen.student.controller.StudentController [http-nio-8080-exec-6] Student found by ID
2023-03-20 17:14:51,530 [TRACE] com.ashen.student.controller.StudentController [http-nio-8080-exec-7] Student found by ID
2023-03-20 17:14:51,540 [TRACE] com.ashen.student.controller.StudentController [http-nio-8080-exec-9] Student found by ID
2023-03-20 17:14:51,552 [TRACE] com.ashen.student.controller.StudentController [http-nio-8080-exec-8] Student found by ID
2023-03-20 17:14:51,561 [TRACE] com.ashen.student.controller.StudentController [http-nio-8080-exec-10] Student found by ID
2023-03-20 17:14:51,571 [TRACE] com.ashen.student.controller.StudentController [http-nio-8080-exec-1] Student found by ID
2023-03-20 17:14:51,580 [TRACE] com.ashen.student.controller.StudentController [http-nio-8080-exec-2] Student found by ID
2023-03-20 17:14:51,589 [TRACE] com.ashen.student.controller.StudentController [http-nio-8080-exec-3] Student found by ID
2023-03-20 17:14:51,600 [TRACE] com.ashen.student.controller.StudentController [http-nio-8080-exec-4] Student found by ID
2023-03-20 17:14:51,608 [TRACE] com.ashen.student.controller.StudentController [http-nio-8080-exec-5] Student found by ID
2023-03-20 17:14:51,626 [TRACE] com.ashen.student.controller.StudentController [http-nio-8080-exec-6] Student found by ID
2023-03-20 17:14:51,636 [TRACE] com.ashen.student.controller.StudentController [http-nio-8080-exec-7] Student found by ID
2023-03-20 17:14:51,645 [TRACE] com.ashen.student.controller.StudentController [http-nio-8080-exec-9] Student found by ID
2023-03-20 17:14:51,655 [TRACE] com.ashen.student.controller.StudentController [http-nio-8080-exec-8] Student found by ID
2023-03-20 17:14:51,665 [TRACE] com.ashen.student.controller.StudentController [http-nio-8080-exec-10] Student found by ID
2023-03-20 17:14:51,675 [TRACE] com.ashen.student.controller.StudentController [http-nio-8080-exec-1] Student found by ID
2023-03-20 17:14:51,686 [TRACE] com.ashen.student.controller.StudentController [http-nio-8080-exec-2] Student found by ID
2023-03-20 17:14:51,695 [TRACE] com.ashen.student.controller.StudentController [http-nio-8080-exec-3] Student found by ID
2023-03-20 17:14:51,704 [TRACE] com.ashen.student.controller.StudentController [http-nio-8080-exec-4] Student found by ID
2023-03-20 17:14:51,714 [TRACE] com.ashen.student.controller.StudentController [http-nio-8080-exec-5] Student found by ID
2023-03-20 17:14:51,723 [TRACE] com.ashen.student.controller.StudentController [http-nio-8080-exec-6] Student found by ID
2023-03-20 17:14:51,732 [TRACE] com.ashen.student.controller.StudentController [http-nio-8080-exec-7] Student found by ID
2023-03-20 17:14:51,743 [TRACE] com.ashen.student.controller.StudentController [http-nio-8080-exec-9] Student found by ID
2023-03-20 17:14:51,754 [TRACE] com.ashen.student.controller.StudentController [http-nio-8080-exec-8] Student found by ID
2023-03-20 17:14:51,765 [TRACE] com.ashen.student.controller.StudentController [http-nio-8080-exec-10] Student found by ID
2023-03-20 17:14:51,787 [TRACE] com.ashen.student.controller.StudentController [http-nio-8080-exec-1] Student found by ID
2023-03-20 17:14:51,797 [TRACE] com.ashen.student.controller.StudentController [http-nio-8080-exec-2] Student found by ID
2023-03-20 17:14:51,807 [TRACE] com.ashen.student.controller.StudentController [http-nio-8080-exec-3] Student found by ID
2023-03-20 17:14:51,817 [TRACE] com.ashen.student.controller.StudentController [http-nio-8080-exec-4] Student found by ID
2023-03-20 17:14:51,828 [TRACE] com.ashen.student.controller.StudentController [http-nio-8080-exec-5] Student found by ID
2023-03-20 17:14:51,837 [TRACE] com.ashen.student.controller.StudentController [http-nio-8080-exec-6] Student found by ID
2023-03-20 17:14:51,847 [TRACE] com.ashen.student.controller.StudentController [http-nio-8080-exec-7] Student found by ID
2023-03-20 17:14:51,862 [TRACE] com.ashen.student.controller.StudentController [http-nio-8080-exec-9] Student found by ID
2023-03-20 17:14:51,892 [TRACE] com.ashen.student.controller.StudentController [http-nio-8080-exec-8] Student found by ID
2023-03-20 17:14:51,909 [TRACE] com.ashen.student.controller.StudentController [http-nio-8080-exec-10] Student found by ID
2023-03-20 17:14:51,926 [TRACE] com.ashen.student.controller.StudentController [http-nio-8080-exec-1] Student found by ID
2023-03-20 17:14:51,945 [TRACE] com.ashen.student.controller.StudentController [http-nio-8080-exec-2] Student found by ID
2023-03-20 17:14:51,962 [TRACE] com.ashen.student.controller.StudentController [http-nio-8080-exec-3] Student found by ID
2023-03-20 17:14:51,979 [TRACE] com.ashen.student.controller.StudentController [http-nio-8080-exec-4] Student found by ID
2023-03-20 17:14:51,996 [TRACE] com.ashen.student.controller.StudentController [http-nio-8080-exec-5] Student found by ID
2023-03-20 17:14:52,012 [TRACE] com.ashen.student.controller.StudentController [http-nio-8080-exec-6] Student found by ID
2023-03-20 17:14:52,028 [TRACE] com.ashen.student.controller.StudentController [http-nio-8080-exec-7] Student found by ID
2023-03-20 17:14:52,043 [TRACE] com.ashen.student.controller.StudentController [http-nio-8080-exec-9] Student found by ID
2023-03-20 17:14:52,058 [TRACE] com.ashen.student.controller.StudentController [http-nio-8080-exec-8] Student found by ID
2023-03-20 17:14:52,077 [TRACE] com.ashen.student.controller.StudentController [http-nio-8080-exec-10] Student found by ID
2023-03-20 17:14:52,093 [TRACE] com.ashen.student.controller.StudentController [http-nio-8080-exec-1] Student found by ID
2023-03-20 17:14:52,108 [TRACE] com.ashen.student.controller.StudentController [http-nio-8080-exec-2] Student found by ID
2023-03-20 17:14:52,126 [TRACE] com.ashen.student.controller.StudentController [http-nio-8080-exec-3] Student found by ID
2023-03-20 17:14:52,142 [TRACE] com.ashen.student.controller.StudentController [http-nio-8080-exec-4] Student found by ID
2023-03-20 17:14:52,158 [TRACE] com.ashen.student.controller.StudentController [http-nio-8080-exec-5] Student found by ID
2023-03-20 17:14:52,173 [TRACE] com.ashen.student.controller.StudentController [http-nio-8080-exec-6] Student found by ID
2023-03-20 17:14:52,190 [TRACE] com.ashen.student.controller.StudentController [http-nio-8080-exec-7] Student found by ID
2023-03-20 17:14:52,205 [TRACE] com.ashen.student.controller.StudentController [http-nio-8080-exec-9] Student found by ID
2023-03-20 17:14:52,221 [TRACE] com.ashen.student.controller.StudentController [http-nio-8080-exec-8] Student found by ID
2023-03-20 17:14:52,236 [TRACE] com.ashen.student.controller.StudentController [http-nio-8080-exec-10] Student found by ID
2023-03-20 17:14:52,250 [TRACE] com.ashen.student.controller.StudentController [http-nio-8080-exec-1] Student found by ID
2023-03-20 17:14:52,265 [TRACE] com.ashen.student.controller.StudentController [http-nio-8080-exec-2] Student found by ID
2023-03-20 17:14:52,279 [TRACE] com.ashen.student.controller.StudentController [http-nio-8080-exec-3] Student found by ID
2023-03-20 17:14:52,293 [TRACE] com.ashen.student.controller.StudentController [http-nio-8080-exec-4] Student found by ID
2023-03-20 17:14:52,309 [TRACE] com.ashen.student.controller.StudentController [http-nio-8080-exec-5] Student found by ID
2023-03-20 17:14:52,323 [TRACE] com.ashen.student.controller.StudentController [http-nio-8080-exec-6] Student found by ID
2023-03-20 17:14:52,337 [TRACE] com.ashen.student.controller.StudentController [http-nio-8080-exec-7] Student found by ID
2023-03-20 17:14:52,352 [TRACE] com.ashen.student.controller.StudentController [http-nio-8080-exec-9] Student found by ID
2023-03-20 17:14:52,367 [TRACE] com.ashen.student.controller.StudentController [http-nio-8080-exec-8] Student found by ID
2023-03-20 17:14:52,383 [TRACE] com.ashen.student.controller.StudentController [http-nio-8080-exec-10] Student found by ID
2023-03-20 17:14:52,399 [TRACE] com.ashen.student.controller.StudentController [http-nio-8080-exec-1] Student found by ID
2023-03-20 17:14:52,414 [TRACE] com.ashen.student.controller.StudentController [http-nio-8080-exec-2] Student found by ID
2023-03-20 17:14:52,430 [TRACE] com.ashen.student.controller.StudentController [http-nio-8080-exec-3] Student found by ID
2023-03-20 17:14:52,446 [TRACE] com.ashen.student.controller.StudentController [http-nio-8080-exec-4] Student found by ID
2023-03-20 17:14:52,464 [TRACE] com.ashen.student.controller.StudentController [http-nio-8080-exec-5] Student found by ID
2023-03-20 17:14:52,483 [TRACE] com.ashen.student.controller.StudentController [http-nio-8080-exec-6] Student found by ID
2023-03-20 17:14:52,500 [TRACE] com.ashen.student.controller.StudentController [http-nio-8080-exec-7] Student found by ID
2023-03-20 17:14:52,514 [TRACE] com.ashen.student.controller.StudentController [http-nio-8080-exec-9] Student found by ID
2023-03-20 17:14:52,531 [TRACE] com.ashen.student.controller.StudentController [http-nio-8080-exec-8] Student found by ID
2023-03-20 17:14:52,548 [TRACE] com.ashen.student.controller.StudentController [http-nio-8080-exec-10] Student found by ID
2023-03-20 17:14:52,564 [TRACE] com.ashen.student.controller.StudentController [http-nio-8080-exec-1] Student found by ID
2023-03-20 17:14:52,589 [TRACE] com.ashen.student.controller.StudentController [http-nio-8080-exec-2] Student found by ID
2023-03-20 17:14:52,606 [TRACE] com.ashen.student.controller.StudentController [http-nio-8080-exec-3] Student found by ID
2023-03-20 17:14:52,621 [TRACE] com.ashen.student.controller.StudentController [http-nio-8080-exec-4] Student found by ID
2023-03-20 17:14:52,637 [TRACE] com.ashen.student.controller.StudentController [http-nio-8080-exec-5] Student found by ID
2023-03-20 17:14:52,654 [TRACE] com.ashen.student.controller.StudentController [http-nio-8080-exec-6] Student found by ID
2023-03-20 17:14:52,669 [TRACE] com.ashen.student.controller.StudentController [http-nio-8080-exec-7] Student found by ID
2023-03-20 17:14:52,684 [TRACE] com.ashen.student.controller.StudentController [http-nio-8080-exec-9] Student found by ID
2023-03-20 17:14:52,699 [TRACE] com.ashen.student.controller.StudentController [http-nio-8080-exec-8] Student found by ID
2023-03-20 17:14:52,715 [TRACE] com.ashen.student.controller.StudentController [http-nio-8080-exec-10] Student found by ID
2023-03-20 17:14:52,730 [TRACE] com.ashen.student.controller.StudentController [http-nio-8080-exec-1] Student found by ID
2023-03-20 17:14:52,745 [TRACE] com.ashen.student.controller.StudentController [http-nio-8080-exec-2] Student found by ID
2023-03-20 17:14:52,759 [TRACE] com.ashen.student.controller.StudentController [http-nio-8080-exec-3] Student found by ID
2023-03-20 17:14:52,777 [TRACE] com.ashen.student.controller.StudentController [http-nio-8080-exec-4] Student found by ID
2023-03-20 17:14:52,793 [TRACE] com.ashen.student.controller.StudentController [http-nio-8080-exec-5] Student found by ID
2023-03-20 17:14:52,808 [TRACE] com.ashen.student.controller.StudentController [http-nio-8080-exec-6] Student found by ID
2023-03-20 17:14:52,823 [TRACE] com.ashen.student.controller.StudentController [http-nio-8080-exec-7] Student found by ID
2023-03-20 17:14:52,839 [TRACE] com.ashen.student.controller.StudentController [http-nio-8080-exec-9] Student found by ID
2023-03-20 17:14:52,854 [TRACE] com.ashen.student.controller.StudentController [http-nio-8080-exec-8] Student found by ID
2023-03-20 17:14:52,869 [TRACE] com.ashen.student.controller.StudentController [http-nio-8080-exec-10] Student found by ID
2023-03-20 17:14:52,884 [TRACE] com.ashen.student.controller.StudentController [http-nio-8080-exec-1] Student found by ID
2023-03-20 17:14:52,899 [TRACE] com.ashen.student.controller.StudentController [http-nio-8080-exec-2] Student found by ID
2023-03-20 17:14:52,914 [TRACE] com.ashen.student.controller.StudentController [http-nio-8080-exec-3] Student found by ID
2023-03-20 17:14:52,928 [TRACE] com.ashen.student.controller.StudentController [http-nio-8080-exec-4] Student found by ID
2023-03-20 17:14:52,941 [TRACE] com.ashen.student.controller.StudentController [http-nio-8080-exec-5] Student found by ID
2023-03-20 17:14:52,956 [TRACE] com.ashen.student.controller.StudentController [http-nio-8080-exec-6] Student found by ID
2023-03-20 17:14:52,972 [TRACE] com.ashen.student.controller.StudentController [http-nio-8080-exec-7] Student found by ID
2023-03-20 17:14:52,986 [TRACE] com.ashen.student.controller.StudentController [http-nio-8080-exec-9] Student found by ID
2023-03-20 17:14:53,001 [TRACE] com.ashen.student.controller.StudentController [http-nio-8080-exec-8] Student found by ID
2023-03-20 17:14:53,016 [TRACE] com.ashen.student.controller.StudentController [http-nio-8080-exec-10] Student found by ID
2023-03-20 17:14:53,032 [TRACE] com.ashen.student.controller.StudentController [http-nio-8080-exec-1] Student found by ID
2023-03-20 17:14:53,047 [TRACE] com.ashen.student.controller.StudentController [http-nio-8080-exec-2] Student found by ID
2023-03-20 17:14:53,063 [TRACE] com.ashen.student.controller.StudentController [http-nio-8080-exec-3] Student found by ID
2023-03-20 17:14:53,078 [TRACE] com.ashen.student.controller.StudentController [http-nio-8080-exec-4] Student found by ID
2023-03-20 17:14:53,092 [TRACE] com.ashen.student.controller.StudentController [http-nio-8080-exec-5] Student found by ID
2023-03-20 17:14:53,107 [TRACE] com.ashen.student.controller.StudentController [http-nio-8080-exec-6] Student found by ID
2023-03-20 17:14:53,123 [TRACE] com.ashen.student.controller.StudentController [http-nio-8080-exec-7] Student found by ID
2023-03-20 17:14:53,139 [TRACE] com.ashen.student.controller.StudentController [http-nio-8080-exec-9] Student found by ID
2023-03-20 17:14:53,154 [TRACE] com.ashen.student.controller.StudentController [http-nio-8080-exec-8] Student found by ID
2023-03-20 17:14:53,168 [TRACE] com.ashen.student.controller.StudentController [http-nio-8080-exec-10] Student found by ID
2023-03-20 17:14:53,184 [TRACE] com.ashen.student.controller.StudentController [http-nio-8080-exec-1] Student found by ID
2023-03-20 17:14:53,200 [TRACE] com.ashen.student.controller.StudentController [http-nio-8080-exec-2] Student found by ID
2023-03-20 17:14:53,216 [TRACE] com.ashen.student.controller.StudentController [http-nio-8080-exec-3] Student found by ID
2023-03-20 17:14:53,231 [TRACE] com.ashen.student.controller.StudentController [http-nio-8080-exec-4] Student found by ID
2023-03-20 17:14:53,318 [TRACE] com.ashen.student.controller.StudentController [http-nio-8080-exec-5] Student found by ID
2023-03-20 17:14:53,367 [TRACE] com.ashen.student.controller.StudentController [http-nio-8080-exec-6] Student found by ID
2023-03-20 17:14:53,382 [TRACE] com.ashen.student.controller.StudentController [http-nio-8080-exec-7] Student found by ID
2023-03-20 17:14:53,396 [TRACE] com.ashen.student.controller.StudentController [http-nio-8080-exec-9] Student found by ID
2023-03-20 17:14:53,413 [TRACE] com.ashen.student.controller.StudentController [http-nio-8080-exec-8] Student found by ID
2023-03-20 17:14:53,431 [TRACE] com.ashen.student.controller.StudentController [http-nio-8080-exec-10] Student found by ID
2023-03-20 17:14:53,452 [TRACE] com.ashen.student.controller.StudentController [http-nio-8080-exec-1] Student found by ID
2023-03-20 17:14:53,468 [TRACE] com.ashen.student.controller.StudentController [http-nio-8080-exec-2] Student found by ID
2023-03-20 17:14:53,482 [TRACE] com.ashen.student.controller.StudentController [http-nio-8080-exec-3] Student found by ID
2023-03-20 17:14:53,498 [TRACE] com.ashen.student.controller.StudentController [http-nio-8080-exec-4] Student found by ID
2023-03-20 17:14:53,513 [TRACE] com.ashen.student.controller.StudentController [http-nio-8080-exec-5] Student found by ID
2023-03-20 17:14:53,529 [TRACE] com.ashen.student.controller.StudentController [http-nio-8080-exec-6] Student found by ID
2023-03-20 17:14:53,545 [TRACE] com.ashen.student.controller.StudentController [http-nio-8080-exec-7] Student found by ID
2023-03-20 17:14:53,564 [TRACE] com.ashen.student.controller.StudentController [http-nio-8080-exec-9] Student found by ID
2023-03-20 17:14:53,580 [TRACE] com.ashen.student.controller.StudentController [http-nio-8080-exec-8] Student found by ID
2023-03-20 17:14:53,595 [TRACE] com.ashen.student.controller.StudentController [http-nio-8080-exec-10] Student found by ID
2023-03-20 17:14:53,610 [TRACE] com.ashen.student.controller.StudentController [http-nio-8080-exec-1] Student found by ID
2023-03-20 17:14:53,776 [TRACE] com.ashen.student.controller.StudentController [http-nio-8080-exec-2] Student found by ID
2023-03-20 17:14:53,794 [TRACE] com.ashen.student.controller.StudentController [http-nio-8080-exec-3] Student found by ID
2023-03-20 17:14:53,810 [TRACE] com.ashen.student.controller.StudentController [http-nio-8080-exec-4] Student found by ID
2023-03-20 17:14:53,825 [TRACE] com.ashen.student.controller.StudentController [http-nio-8080-exec-5] Student found by ID
2023-03-20 17:14:53,841 [TRACE] com.ashen.student.controller.StudentController [http-nio-8080-exec-6] Student found by ID
2023-03-20 17:14:53,858 [TRACE] com.ashen.student.controller.StudentController [http-nio-8080-exec-7] Student found by ID
2023-03-20 17:14:53,874 [TRACE] com.ashen.student.controller.StudentController [http-nio-8080-exec-9] Student found by ID
2023-03-20 17:14:53,890 [TRACE] com.ashen.student.controller.StudentController [http-nio-8080-exec-8] Student found by ID
2023-03-20 17:14:53,906 [TRACE] com.ashen.student.controller.StudentController [http-nio-8080-exec-10] Student found by ID
2023-03-20 17:14:53,921 [TRACE] com.ashen.student.controller.StudentController [http-nio-8080-exec-1] Student found by ID
2023-03-20 17:14:53,938 [TRACE] com.ashen.student.controller.StudentController [http-nio-8080-exec-2] Student found by ID
2023-03-20 17:14:53,951 [TRACE] com.ashen.student.controller.StudentController [http-nio-8080-exec-3] Student found by ID
2023-03-20 17:14:53,967 [TRACE] com.ashen.student.controller.StudentController [http-nio-8080-exec-4] Student found by ID
2023-03-20 17:14:53,988 [TRACE] com.ashen.student.controller.StudentController [http-nio-8080-exec-5] Student found by ID
2023-03-20 17:14:54,008 [TRACE] com.ashen.student.controller.StudentController [http-nio-8080-exec-6] Student found by ID
2023-03-20 17:14:54,024 [TRACE] com.ashen.student.controller.StudentController [http-nio-8080-exec-7] Student found by ID
2023-03-20 17:14:54,135 [TRACE] com.ashen.student.controller.StudentController [http-nio-8080-exec-9] Student found by ID
2023-03-20 17:14:54,169 [TRACE] com.ashen.student.controller.StudentController [http-nio-8080-exec-8] Student found by ID
2023-03-20 17:14:54,233 [TRACE] com.ashen.student.controller.StudentController [http-nio-8080-exec-10] Student found by ID
2023-03-20 17:14:54,300 [TRACE] com.ashen.student.controller.StudentController [http-nio-8080-exec-1] Student found by ID
2023-03-20 17:14:54,414 [TRACE] com.ashen.student.controller.StudentController [http-nio-8080-exec-2] Student found by ID
2023-03-20 17:14:54,431 [TRACE] com.ashen.student.controller.StudentController [http-nio-8080-exec-3] Student found by ID
2023-03-20 17:14:54,447 [TRACE] com.ashen.student.controller.StudentController [http-nio-8080-exec-4] Student found by ID
2023-03-20 17:14:54,465 [TRACE] com.ashen.student.controller.StudentController [http-nio-8080-exec-5] Student found by ID
2023-03-20 17:14:54,485 [TRACE] com.ashen.student.controller.StudentController [http-nio-8080-exec-6] Student found by ID
2023-03-20 17:14:54,554 [TRACE] com.ashen.student.controller.StudentController [http-nio-8080-exec-7] Student found by ID
2023-03-20 17:14:54,593 [TRACE] com.ashen.student.controller.StudentController [http-nio-8080-exec-9] Student found by ID
2023-03-20 17:14:54,639 [TRACE] com.ashen.student.controller.StudentController [http-nio-8080-exec-8] Student found by ID
2023-03-20 17:14:54,667 [TRACE] com.ashen.student.controller.StudentController [http-nio-8080-exec-10] Student found by ID
2023-03-20 17:14:54,704 [TRACE] com.ashen.student.controller.StudentController [http-nio-8080-exec-1] Student found by ID
2023-03-20 17:14:54,718 [TRACE] com.ashen.student.controller.StudentController [http-nio-8080-exec-2] Student found by ID
2023-03-20 17:14:54,732 [TRACE] com.ashen.student.controller.StudentController [http-nio-8080-exec-3] Student found by ID
2023-03-20 17:14:54,745 [TRACE] com.ashen.student.controller.StudentController [http-nio-8080-exec-4] Student found by ID
2023-03-20 17:14:54,758 [TRACE] com.ashen.student.controller.StudentController [http-nio-8080-exec-5] Student found by ID
2023-03-20 17:14:54,772 [TRACE] com.ashen.student.controller.StudentController [http-nio-8080-exec-6] Student found by ID
2023-03-20 17:14:54,786 [TRACE] com.ashen.student.controller.StudentController [http-nio-8080-exec-7] Student found by ID
2023-03-20 17:14:54,800 [TRACE] com.ashen.student.controller.StudentController [http-nio-8080-exec-9] Student found by ID
2023-03-20 17:14:54,817 [TRACE] com.ashen.student.controller.StudentController [http-nio-8080-exec-8] Student found by ID
2023-03-20 17:14:54,832 [TRACE] com.ashen.student.controller.StudentController [http-nio-8080-exec-10] Student found by ID
2023-03-20 17:14:54,847 [TRACE] com.ashen.student.controller.StudentController [http-nio-8080-exec-1] Student found by ID
2023-03-20 17:14:54,863 [TRACE] com.ashen.student.controller.StudentController [http-nio-8080-exec-2] Student found by ID
2023-03-20 17:14:54,879 [TRACE] com.ashen.student.controller.StudentController [http-nio-8080-exec-3] Student found by ID
2023-03-20 17:14:54,892 [TRACE] com.ashen.student.controller.StudentController [http-nio-8080-exec-4] Student found by ID
2023-03-20 17:14:54,905 [TRACE] com.ashen.student.controller.StudentController [http-nio-8080-exec-5] Student found by ID
2023-03-20 17:14:54,919 [TRACE] com.ashen.student.controller.StudentController [http-nio-8080-exec-6] Student found by ID
2023-03-20 17:14:54,933 [TRACE] com.ashen.student.controller.StudentController [http-nio-8080-exec-7] Student found by ID
2023-03-20 17:14:54,947 [TRACE] com.ashen.student.controller.StudentController [http-nio-8080-exec-9] Student found by ID
2023-03-20 17:14:54,959 [TRACE] com.ashen.student.controller.StudentController [http-nio-8080-exec-8] Student found by ID
2023-03-20 17:14:54,973 [TRACE] com.ashen.student.controller.StudentController [http-nio-8080-exec-10] Student found by ID
2023-03-20 17:14:54,988 [TRACE] com.ashen.student.controller.StudentController [http-nio-8080-exec-1] Student found by ID
2023-03-20 17:14:55,003 [TRACE] com.ashen.student.controller.StudentController [http-nio-8080-exec-2] Student found by ID
2023-03-20 17:14:55,017 [TRACE] com.ashen.student.controller.StudentController [http-nio-8080-exec-3] Student found by ID
2023-03-20 17:14:55,032 [TRACE] com.ashen.student.controller.StudentController [http-nio-8080-exec-4] Student found by ID
2023-03-20 17:14:55,047 [TRACE] com.ashen.student.controller.StudentController [http-nio-8080-exec-5] Student found by ID
2023-03-20 17:14:55,062 [TRACE] com.ashen.student.controller.StudentController [http-nio-8080-exec-6] Student found by ID
2023-03-20 17:14:55,076 [TRACE] com.ashen.student.controller.StudentController [http-nio-8080-exec-7] Student found by ID
2023-03-20 17:14:55,092 [TRACE] com.ashen.student.controller.StudentController [http-nio-8080-exec-9] Student found by ID
2023-03-20 17:14:55,106 [TRACE] com.ashen.student.controller.StudentController [http-nio-8080-exec-8] Student found by ID
2023-03-20 17:14:55,122 [TRACE] com.ashen.student.controller.StudentController [http-nio-8080-exec-10] Student found by ID
2023-03-20 17:14:55,137 [TRACE] com.ashen.student.controller.StudentController [http-nio-8080-exec-1] Student found by ID
2023-03-20 17:14:55,153 [TRACE] com.ashen.student.controller.StudentController [http-nio-8080-exec-2] Student found by ID
2023-03-20 17:14:55,167 [TRACE] com.ashen.student.controller.StudentController [http-nio-8080-exec-3] Student found by ID
2023-03-20 17:14:55,183 [TRACE] com.ashen.student.controller.StudentController [http-nio-8080-exec-4] Student found by ID
2023-03-20 17:14:55,197 [TRACE] com.ashen.student.controller.StudentController [http-nio-8080-exec-5] Student found by ID
2023-03-20 17:14:55,241 [TRACE] com.ashen.student.controller.StudentController [http-nio-8080-exec-6] Student found by ID
2023-03-20 17:14:55,246 [TRACE] com.ashen.student.controller.StudentController [http-nio-8080-exec-7] All Students Listed!
2023-03-20 17:14:55,259 [TRACE] com.ashen.student.controller.StudentController [http-nio-8080-exec-9] All Students Listed!
2023-03-20 17:14:57,293 [TRACE] com.ashen.student.controller.StudentController [http-nio-8080-exec-8] Student found by ID
2023-03-20 17:14:57,302 [TRACE] com.ashen.student.controller.StudentController [http-nio-8080-exec-10] Student found by ID
2023-03-20 17:15:00,046 [TRACE] com.ashen.student.controller.StudentController [http-nio-8080-exec-1] All Students Listed!
2023-03-20 17:15:00,058 [TRACE] com.ashen.student.controller.StudentController [http-nio-8080-exec-2] All Students Listed!
2023-03-20 17:15:17,340 [TRACE] com.ashen.student.controller.StudentController [http-nio-8080-exec-3] Student found by ID
2023-03-20 17:15:17,353 [TRACE] com.ashen.student.controller.StudentController [http-nio-8080-exec-4] Student found by ID
2023-03-20 18:34:04,343 [WARN] com.zaxxer.hikari.pool.HikariPool [HikariPool-1 housekeeper] HikariPool-1 - Thread starvation or clock leap detected (housekeeper delta=1h16m44s612ms392µs300ns).
2023-03-20 20:53:11,127 [TRACE] com.ashen.student.controller.StudentController [http-nio-8080-exec-7] All Students Listed!
2023-03-20 20:53:11,201 [TRACE] com.ashen.student.controller.StudentController [http-nio-8080-exec-9] All Students Listed!
2023-03-20 20:53:13,117 [TRACE] com.ashen.student.controller.StudentController [http-nio-8080-exec-8] Student found by ID
2023-03-20 20:53:13,131 [TRACE] com.ashen.student.controller.StudentController [http-nio-8080-exec-10] Student found by ID
2023-03-20 20:53:19,187 [TRACE] com.ashen.student.controller.StudentController [http-nio-8080-exec-1] All Students Listed!
2023-03-20 20:53:19,194 [TRACE] com.ashen.student.controller.StudentController [http-nio-8080-exec-2] All Students Listed!
2023-03-20 20:54:59,273 [INFO] org.springframework.orm.jpa.LocalContainerEntityManagerFactoryBean [SpringApplicationShutdownHook] Closing JPA EntityManagerFactory for persistence unit 'default'
2023-03-20 20:54:59,317 [INFO] com.zaxxer.hikari.HikariDataSource [SpringApplicationShutdownHook] HikariPool-1 - Shutdown initiated...
2023-03-20 20:54:59,333 [INFO] com.zaxxer.hikari.HikariDataSource [SpringApplicationShutdownHook] HikariPool-1 - Shutdown completed.
2023-03-20 20:55:03,813 [INFO] com.ashen.student.StudentSystemApiApplication [main] Starting StudentSystemApiApplication using Java 19.0.1 on LAPTOP-TMA1IPJL with PID 22320 (D:\KDU\Semester 5\Software Construction Technologies and Tools\student-management-backend\student-system-api\target\classes started by ashen in D:\KDU\Semester 5\Software Construction Technologies and Tools\student-management-backend\student-system-api)
2023-03-20 20:55:03,821 [DEBUG] com.ashen.student.StudentSystemApiApplication [main] Running with Spring Boot v2.7.9, Spring v5.3.25
2023-03-20 20:55:03,822 [INFO] com.ashen.student.StudentSystemApiApplication [main] No active profile set, falling back to 1 default profile: "default"
2023-03-20 20:55:04,384 [INFO] org.springframework.data.repository.config.RepositoryConfigurationDelegate [main] Bootstrapping Spring Data JPA repositories in DEFAULT mode.
2023-03-20 20:55:04,442 [INFO] org.springframework.data.repository.config.RepositoryConfigurationDelegate [main] Finished Spring Data repository scanning in 51 ms. Found 2 JPA repository interfaces.
2023-03-20 20:55:04,936 [INFO] org.springframework.boot.web.embedded.tomcat.TomcatWebServer [main] Tomcat initialized with port(s): 8080 (http)
2023-03-20 20:55:04,948 [INFO] org.apache.catalina.core.StandardService [main] Starting service [Tomcat]
2023-03-20 20:55:04,949 [INFO] org.apache.catalina.core.StandardEngine [main] Starting Servlet engine: [Apache Tomcat/9.0.71]
2023-03-20 20:55:05,072 [INFO] org.apache.catalina.core.ContainerBase.[Tomcat].[localhost].[/] [main] Initializing Spring embedded WebApplicationContext
2023-03-20 20:55:05,073 [INFO] org.springframework.boot.web.servlet.context.ServletWebServerApplicationContext [main] Root WebApplicationContext: initialization completed in 1204 ms
2023-03-20 20:55:05,253 [INFO] org.hibernate.jpa.internal.util.LogHelper [main] HHH000204: Processing PersistenceUnitInfo [name: default]
2023-03-20 20:55:05,324 [INFO] org.hibernate.Version [main] HHH000412: Hibernate ORM core version 5.6.15.Final
2023-03-20 20:55:05,508 [INFO] org.hibernate.annotations.common.Version [main] HCANN000001: Hibernate Commons Annotations {5.1.2.Final}
2023-03-20 20:55:05,616 [INFO] com.zaxxer.hikari.HikariDataSource [main] HikariPool-1 - Starting...
2023-03-20 20:55:05,622 [WARN] com.zaxxer.hikari.util.DriverDataSource [main] Registered driver with driverClassName=com.mysql.jdbc.Driver was not found, trying direct instantiation.
2023-03-20 20:55:06,008 [INFO] com.zaxxer.hikari.HikariDataSource [main] HikariPool-1 - Start completed.
2023-03-20 20:55:06,038 [INFO] org.hibernate.dialect.Dialect [main] HHH000400: Using dialect: org.hibernate.dialect.MySQL8Dialect
2023-03-20 20:55:06,686 [INFO] org.hibernate.engine.transaction.jta.platform.internal.JtaPlatformInitiator [main] HHH000490: Using JtaPlatform implementation: [org.hibernate.engine.transaction.jta.platform.internal.NoJtaPlatform]
2023-03-20 20:55:06,694 [INFO] org.springframework.orm.jpa.LocalContainerEntityManagerFactoryBean [main] Initialized JPA EntityManagerFactory for persistence unit 'default'
2023-03-20 20:55:06,919 [WARN] org.springframework.boot.autoconfigure.orm.jpa.JpaBaseConfiguration$JpaWebConfiguration [main] spring.jpa.open-in-view is enabled by default. Therefore, database queries may be performed during view rendering. Explicitly configure spring.jpa.open-in-view to disable this warning
2023-03-20 20:55:07,225 [INFO] org.springframework.boot.web.embedded.tomcat.TomcatWebServer [main] Tomcat started on port(s): 8080 (http) with context path ''
2023-03-20 20:55:07,233 [INFO] com.ashen.student.StudentSystemApiApplication [main] Started StudentSystemApiApplication in 3.799 seconds (JVM running for 4.569)
2023-03-20 21:46:47,974 [INFO] org.apache.catalina.core.ContainerBase.[Tomcat].[localhost].[/] [http-nio-8080-exec-1] Initializing Spring DispatcherServlet 'dispatcherServlet'
2023-03-20 21:46:47,975 [INFO] org.springframework.web.servlet.DispatcherServlet [http-nio-8080-exec-1] Initializing Servlet 'dispatcherServlet'
2023-03-20 21:46:47,979 [INFO] org.springframework.web.servlet.DispatcherServlet [http-nio-8080-exec-1] Completed initialization in 4 ms
2023-03-20 21:46:48,024 [TRACE] com.ashen.student.controller.StudentController [http-nio-8080-exec-1] All Students Listed!
2023-03-20 21:46:48,291 [TRACE] com.ashen.student.controller.StudentController [http-nio-8080-exec-4] All Students Listed!
2023-03-20 21:47:16,480 [TRACE] com.ashen.student.controller.StudentController [http-nio-8080-exec-5] New Student Created!
2023-03-20 21:47:16,597 [TRACE] com.ashen.student.controller.StudentController [http-nio-8080-exec-2] All Students Listed!
2023-03-20 21:47:16,607 [TRACE] com.ashen.student.controller.StudentController [http-nio-8080-exec-7] All Students Listed!
2023-03-20 21:49:13,169 [TRACE] com.ashen.student.controller.StudentController [http-nio-8080-exec-10] New Student Created!
2023-03-20 21:49:42,668 [TRACE] com.ashen.student.controller.StudentController [http-nio-8080-exec-4] Deleted Student!
2023-03-20 21:49:42,710 [TRACE] com.ashen.student.controller.StudentController [http-nio-8080-exec-3] All Students Listed!
2023-03-20 21:51:31,472 [INFO] org.springframework.orm.jpa.LocalContainerEntityManagerFactoryBean [SpringApplicationShutdownHook] Closing JPA EntityManagerFactory for persistence unit 'default'
2023-03-20 21:51:31,474 [INFO] com.zaxxer.hikari.HikariDataSource [SpringApplicationShutdownHook] HikariPool-1 - Shutdown initiated...
2023-03-20 21:51:31,481 [INFO] com.zaxxer.hikari.HikariDataSource [SpringApplicationShutdownHook] HikariPool-1 - Shutdown completed.
2023-03-20 21:51:35,712 [INFO] com.ashen.student.StudentSystemApiApplication [main] Starting StudentSystemApiApplication using Java 19.0.1 on LAPTOP-TMA1IPJL with PID 32504 (D:\KDU\Semester 5\Software Construction Technologies and Tools\student-management-backend\student-system-api\target\classes started by ashen in D:\KDU\Semester 5\Software Construction Technologies and Tools\student-management-backend\student-system-api)
2023-03-20 21:51:35,716 [DEBUG] com.ashen.student.StudentSystemApiApplication [main] Running with Spring Boot v2.7.9, Spring v5.3.25
2023-03-20 21:51:35,717 [INFO] com.ashen.student.StudentSystemApiApplication [main] No active profile set, falling back to 1 default profile: "default"
2023-03-20 21:51:36,208 [INFO] org.springframework.data.repository.config.RepositoryConfigurationDelegate [main] Bootstrapping Spring Data JPA repositories in DEFAULT mode.
2023-03-20 21:51:36,259 [INFO] org.springframework.data.repository.config.RepositoryConfigurationDelegate [main] Finished Spring Data repository scanning in 45 ms. Found 2 JPA repository interfaces.
2023-03-20 21:51:36,688 [INFO] org.springframework.boot.web.embedded.tomcat.TomcatWebServer [main] Tomcat initialized with port(s): 8080 (http)
2023-03-20 21:51:36,698 [INFO] org.apache.catalina.core.StandardService [main] Starting service [Tomcat]
2023-03-20 21:51:36,698 [INFO] org.apache.catalina.core.StandardEngine [main] Starting Servlet engine: [Apache Tomcat/9.0.71]
2023-03-20 21:51:36,809 [INFO] org.apache.catalina.core.ContainerBase.[Tomcat].[localhost].[/] [main] Initializing Spring embedded WebApplicationContext
2023-03-20 21:51:36,809 [INFO] org.springframework.boot.web.servlet.context.ServletWebServerApplicationContext [main] Root WebApplicationContext: initialization completed in 1050 ms
2023-03-20 21:51:36,957 [INFO] org.hibernate.jpa.internal.util.LogHelper [main] HHH000204: Processing PersistenceUnitInfo [name: default]
2023-03-20 21:51:37,011 [INFO] org.hibernate.Version [main] HHH000412: Hibernate ORM core version 5.6.15.Final
2023-03-20 21:51:37,176 [INFO] org.hibernate.annotations.common.Version [main] HCANN000001: Hibernate Commons Annotations {5.1.2.Final}
2023-03-20 21:51:37,264 [INFO] com.zaxxer.hikari.HikariDataSource [main] HikariPool-1 - Starting...
2023-03-20 21:51:37,268 [WARN] com.zaxxer.hikari.util.DriverDataSource [main] Registered driver with driverClassName=com.mysql.jdbc.Driver was not found, trying direct instantiation.
2023-03-20 21:51:37,626 [INFO] com.zaxxer.hikari.HikariDataSource [main] HikariPool-1 - Start completed.
2023-03-20 21:51:37,656 [INFO] org.hibernate.dialect.Dialect [main] HHH000400: Using dialect: org.hibernate.dialect.MySQL8Dialect
2023-03-20 21:51:38,246 [INFO] org.hibernate.engine.transaction.jta.platform.internal.JtaPlatformInitiator [main] HHH000490: Using JtaPlatform implementation: [org.hibernate.engine.transaction.jta.platform.internal.NoJtaPlatform]
2023-03-20 21:51:38,253 [INFO] org.springframework.orm.jpa.LocalContainerEntityManagerFactoryBean [main] Initialized JPA EntityManagerFactory for persistence unit 'default'
2023-03-20 21:51:38,505 [WARN] org.springframework.boot.autoconfigure.orm.jpa.JpaBaseConfiguration$JpaWebConfiguration [main] spring.jpa.open-in-view is enabled by default. Therefore, database queries may be performed during view rendering. Explicitly configure spring.jpa.open-in-view to disable this warning
2023-03-20 21:51:38,789 [INFO] org.springframework.boot.web.embedded.tomcat.TomcatWebServer [main] Tomcat started on port(s): 8080 (http) with context path ''
2023-03-20 21:51:38,798 [INFO] com.ashen.student.StudentSystemApiApplication [main] Started StudentSystemApiApplication in 3.43 seconds (JVM running for 4.129)
2023-03-20 21:52:15,703 [INFO] org.apache.catalina.core.ContainerBase.[Tomcat].[localhost].[/] [http-nio-8080-exec-2] Initializing Spring DispatcherServlet 'dispatcherServlet'
2023-03-20 21:52:15,703 [INFO] org.springframework.web.servlet.DispatcherServlet [http-nio-8080-exec-2] Initializing Servlet 'dispatcherServlet'
2023-03-20 21:52:15,703 [INFO] org.springframework.web.servlet.DispatcherServlet [http-nio-8080-exec-2] Completed initialization in 0 ms
2023-03-20 21:52:15,745 [TRACE] com.ashen.student.controller.StudentController [http-nio-8080-exec-1] Deleted Student!
2023-03-20 21:52:15,850 [ERROR] org.apache.catalina.core.ContainerBase.[Tomcat].[localhost].[/].[dispatcherServlet] [http-nio-8080-exec-1] Servlet.service() for servlet [dispatcherServlet] in context with path [] threw exception [Request processing failed; nested exception is com.ashen.student.exception.StudentNotFoundException: Could not find the user with Id 16] with root cause
com.ashen.student.exception.StudentNotFoundException: Could not find the user with Id 16
	at com.ashen.student.controller.StudentController.deleteStudent(StudentController.java:59)
	at java.base/jdk.internal.reflect.DirectMethodHandleAccessor.invoke(DirectMethodHandleAccessor.java:104)
	at java.base/java.lang.reflect.Method.invoke(Method.java:578)
	at org.springframework.web.method.support.InvocableHandlerMethod.doInvoke(InvocableHandlerMethod.java:205)
	at org.springframework.web.method.support.InvocableHandlerMethod.invokeForRequest(InvocableHandlerMethod.java:150)
	at org.springframework.web.servlet.mvc.method.annotation.ServletInvocableHandlerMethod.invokeAndHandle(ServletInvocableHandlerMethod.java:117)
	at org.springframework.web.servlet.mvc.method.annotation.RequestMappingHandlerAdapter.invokeHandlerMethod(RequestMappingHandlerAdapter.java:895)
	at org.springframework.web.servlet.mvc.method.annotation.RequestMappingHandlerAdapter.handleInternal(RequestMappingHandlerAdapter.java:808)
	at org.springframework.web.servlet.mvc.method.AbstractHandlerMethodAdapter.handle(AbstractHandlerMethodAdapter.java:87)
	at org.springframework.web.servlet.DispatcherServlet.doDispatch(DispatcherServlet.java:1071)
	at org.springframework.web.servlet.DispatcherServlet.doService(DispatcherServlet.java:964)
	at org.springframework.web.servlet.FrameworkServlet.processRequest(FrameworkServlet.java:1006)
	at org.springframework.web.servlet.FrameworkServlet.doDelete(FrameworkServlet.java:931)
	at javax.servlet.http.HttpServlet.service(HttpServlet.java:702)
	at org.springframework.web.servlet.FrameworkServlet.service(FrameworkServlet.java:883)
	at javax.servlet.http.HttpServlet.service(HttpServlet.java:779)
	at org.apache.catalina.core.ApplicationFilterChain.internalDoFilter(ApplicationFilterChain.java:227)
	at org.apache.catalina.core.ApplicationFilterChain.doFilter(ApplicationFilterChain.java:162)
	at org.apache.tomcat.websocket.server.WsFilter.doFilter(WsFilter.java:53)
	at org.apache.catalina.core.ApplicationFilterChain.internalDoFilter(ApplicationFilterChain.java:189)
	at org.apache.catalina.core.ApplicationFilterChain.doFilter(ApplicationFilterChain.java:162)
	at org.springframework.web.filter.RequestContextFilter.doFilterInternal(RequestContextFilter.java:100)
	at org.springframework.web.filter.OncePerRequestFilter.doFilter(OncePerRequestFilter.java:117)
	at org.apache.catalina.core.ApplicationFilterChain.internalDoFilter(ApplicationFilterChain.java:189)
	at org.apache.catalina.core.ApplicationFilterChain.doFilter(ApplicationFilterChain.java:162)
	at org.springframework.web.filter.FormContentFilter.doFilterInternal(FormContentFilter.java:93)
	at org.springframework.web.filter.OncePerRequestFilter.doFilter(OncePerRequestFilter.java:117)
	at org.apache.catalina.core.ApplicationFilterChain.internalDoFilter(ApplicationFilterChain.java:189)
	at org.apache.catalina.core.ApplicationFilterChain.doFilter(ApplicationFilterChain.java:162)
	at org.springframework.web.filter.CharacterEncodingFilter.doFilterInternal(CharacterEncodingFilter.java:201)
	at org.springframework.web.filter.OncePerRequestFilter.doFilter(OncePerRequestFilter.java:117)
	at org.apache.catalina.core.ApplicationFilterChain.internalDoFilter(ApplicationFilterChain.java:189)
	at org.apache.catalina.core.ApplicationFilterChain.doFilter(ApplicationFilterChain.java:162)
	at org.apache.catalina.core.StandardWrapperValve.invoke(StandardWrapperValve.java:177)
	at org.apache.catalina.core.StandardContextValve.invoke(StandardContextValve.java:97)
	at org.apache.catalina.authenticator.AuthenticatorBase.invoke(AuthenticatorBase.java:541)
	at org.apache.catalina.core.StandardHostValve.invoke(StandardHostValve.java:135)
	at org.apache.catalina.valves.ErrorReportValve.invoke(ErrorReportValve.java:92)
	at org.apache.catalina.core.StandardEngineValve.invoke(StandardEngineValve.java:78)
	at org.apache.catalina.connector.CoyoteAdapter.service(CoyoteAdapter.java:360)
	at org.apache.coyote.http11.Http11Processor.service(Http11Processor.java:399)
	at org.apache.coyote.AbstractProcessorLight.process(AbstractProcessorLight.java:65)
	at org.apache.coyote.AbstractProtocol$ConnectionHandler.process(AbstractProtocol.java:891)
	at org.apache.tomcat.util.net.NioEndpoint$SocketProcessor.doRun(NioEndpoint.java:1784)
	at org.apache.tomcat.util.net.SocketProcessorBase.run(SocketProcessorBase.java:49)
	at org.apache.tomcat.util.threads.ThreadPoolExecutor.runWorker(ThreadPoolExecutor.java:1191)
	at org.apache.tomcat.util.threads.ThreadPoolExecutor$Worker.run(ThreadPoolExecutor.java:659)
	at org.apache.tomcat.util.threads.TaskThread$WrappingRunnable.run(TaskThread.java:61)
	at java.base/java.lang.Thread.run(Thread.java:1589)
2023-03-20 21:52:17,641 [TRACE] com.ashen.student.controller.StudentController [http-nio-8080-exec-3] Deleted Student!
2023-03-20 21:52:17,647 [ERROR] org.apache.catalina.core.ContainerBase.[Tomcat].[localhost].[/].[dispatcherServlet] [http-nio-8080-exec-3] Servlet.service() for servlet [dispatcherServlet] in context with path [] threw exception [Request processing failed; nested exception is com.ashen.student.exception.StudentNotFoundException: Could not find the user with Id 16] with root cause
com.ashen.student.exception.StudentNotFoundException: Could not find the user with Id 16
	at com.ashen.student.controller.StudentController.deleteStudent(StudentController.java:59)
	at java.base/jdk.internal.reflect.DirectMethodHandleAccessor.invoke(DirectMethodHandleAccessor.java:104)
	at java.base/java.lang.reflect.Method.invoke(Method.java:578)
	at org.springframework.web.method.support.InvocableHandlerMethod.doInvoke(InvocableHandlerMethod.java:205)
	at org.springframework.web.method.support.InvocableHandlerMethod.invokeForRequest(InvocableHandlerMethod.java:150)
	at org.springframework.web.servlet.mvc.method.annotation.ServletInvocableHandlerMethod.invokeAndHandle(ServletInvocableHandlerMethod.java:117)
	at org.springframework.web.servlet.mvc.method.annotation.RequestMappingHandlerAdapter.invokeHandlerMethod(RequestMappingHandlerAdapter.java:895)
	at org.springframework.web.servlet.mvc.method.annotation.RequestMappingHandlerAdapter.handleInternal(RequestMappingHandlerAdapter.java:808)
	at org.springframework.web.servlet.mvc.method.AbstractHandlerMethodAdapter.handle(AbstractHandlerMethodAdapter.java:87)
	at org.springframework.web.servlet.DispatcherServlet.doDispatch(DispatcherServlet.java:1071)
	at org.springframework.web.servlet.DispatcherServlet.doService(DispatcherServlet.java:964)
	at org.springframework.web.servlet.FrameworkServlet.processRequest(FrameworkServlet.java:1006)
	at org.springframework.web.servlet.FrameworkServlet.doDelete(FrameworkServlet.java:931)
	at javax.servlet.http.HttpServlet.service(HttpServlet.java:702)
	at org.springframework.web.servlet.FrameworkServlet.service(FrameworkServlet.java:883)
	at javax.servlet.http.HttpServlet.service(HttpServlet.java:779)
	at org.apache.catalina.core.ApplicationFilterChain.internalDoFilter(ApplicationFilterChain.java:227)
	at org.apache.catalina.core.ApplicationFilterChain.doFilter(ApplicationFilterChain.java:162)
	at org.apache.tomcat.websocket.server.WsFilter.doFilter(WsFilter.java:53)
	at org.apache.catalina.core.ApplicationFilterChain.internalDoFilter(ApplicationFilterChain.java:189)
	at org.apache.catalina.core.ApplicationFilterChain.doFilter(ApplicationFilterChain.java:162)
	at org.springframework.web.filter.RequestContextFilter.doFilterInternal(RequestContextFilter.java:100)
	at org.springframework.web.filter.OncePerRequestFilter.doFilter(OncePerRequestFilter.java:117)
	at org.apache.catalina.core.ApplicationFilterChain.internalDoFilter(ApplicationFilterChain.java:189)
	at org.apache.catalina.core.ApplicationFilterChain.doFilter(ApplicationFilterChain.java:162)
	at org.springframework.web.filter.FormContentFilter.doFilterInternal(FormContentFilter.java:93)
	at org.springframework.web.filter.OncePerRequestFilter.doFilter(OncePerRequestFilter.java:117)
	at org.apache.catalina.core.ApplicationFilterChain.internalDoFilter(ApplicationFilterChain.java:189)
	at org.apache.catalina.core.ApplicationFilterChain.doFilter(ApplicationFilterChain.java:162)
	at org.springframework.web.filter.CharacterEncodingFilter.doFilterInternal(CharacterEncodingFilter.java:201)
	at org.springframework.web.filter.OncePerRequestFilter.doFilter(OncePerRequestFilter.java:117)
	at org.apache.catalina.core.ApplicationFilterChain.internalDoFilter(ApplicationFilterChain.java:189)
	at org.apache.catalina.core.ApplicationFilterChain.doFilter(ApplicationFilterChain.java:162)
	at org.apache.catalina.core.StandardWrapperValve.invoke(StandardWrapperValve.java:177)
	at org.apache.catalina.core.StandardContextValve.invoke(StandardContextValve.java:97)
	at org.apache.catalina.authenticator.AuthenticatorBase.invoke(AuthenticatorBase.java:541)
	at org.apache.catalina.core.StandardHostValve.invoke(StandardHostValve.java:135)
	at org.apache.catalina.valves.ErrorReportValve.invoke(ErrorReportValve.java:92)
	at org.apache.catalina.core.StandardEngineValve.invoke(StandardEngineValve.java:78)
	at org.apache.catalina.connector.CoyoteAdapter.service(CoyoteAdapter.java:360)
	at org.apache.coyote.http11.Http11Processor.service(Http11Processor.java:399)
	at org.apache.coyote.AbstractProcessorLight.process(AbstractProcessorLight.java:65)
	at org.apache.coyote.AbstractProtocol$ConnectionHandler.process(AbstractProtocol.java:891)
	at org.apache.tomcat.util.net.NioEndpoint$SocketProcessor.doRun(NioEndpoint.java:1784)
	at org.apache.tomcat.util.net.SocketProcessorBase.run(SocketProcessorBase.java:49)
	at org.apache.tomcat.util.threads.ThreadPoolExecutor.runWorker(ThreadPoolExecutor.java:1191)
	at org.apache.tomcat.util.threads.ThreadPoolExecutor$Worker.run(ThreadPoolExecutor.java:659)
	at org.apache.tomcat.util.threads.TaskThread$WrappingRunnable.run(TaskThread.java:61)
	at java.base/java.lang.Thread.run(Thread.java:1589)
2023-03-20 21:52:21,095 [TRACE] com.ashen.student.controller.StudentController [http-nio-8080-exec-4] All Students Listed!
2023-03-20 21:52:21,136 [TRACE] com.ashen.student.controller.StudentController [http-nio-8080-exec-5] All Students Listed!
2023-03-20 21:52:46,439 [TRACE] com.ashen.student.controller.StudentController [http-nio-8080-exec-9] New Student Created!
2023-03-20 21:52:46,523 [TRACE] com.ashen.student.controller.StudentController [http-nio-8080-exec-7] All Students Listed!
2023-03-20 21:52:46,535 [TRACE] com.ashen.student.controller.StudentController [http-nio-8080-exec-8] All Students Listed!
2023-03-20 21:55:35,639 [TRACE] com.ashen.student.controller.StudentController [http-nio-8080-exec-1] New Student Created!
2023-03-20 21:56:14,834 [TRACE] com.ashen.student.controller.StudentController [http-nio-8080-exec-3] New Student Created!
2023-03-20 21:56:43,729 [TRACE] com.ashen.student.controller.StudentController [http-nio-8080-exec-4] New Student Created!
2023-03-20 21:56:59,138 [TRACE] com.ashen.student.controller.StudentController [http-nio-8080-exec-5] All Students Listed!
2023-03-20 21:56:59,148 [TRACE] com.ashen.student.controller.StudentController [http-nio-8080-exec-9] All Students Listed!
2023-03-20 21:57:01,826 [TRACE] com.ashen.student.controller.StudentController [http-nio-8080-exec-8] Deleted Student!
2023-03-20 21:57:01,849 [TRACE] com.ashen.student.controller.StudentController [http-nio-8080-exec-10] All Students Listed!
2023-03-20 21:57:02,558 [TRACE] com.ashen.student.controller.StudentController [http-nio-8080-exec-2] Deleted Student!
2023-03-20 21:57:02,574 [TRACE] com.ashen.student.controller.StudentController [http-nio-8080-exec-1] All Students Listed!
2023-03-20 21:57:03,114 [TRACE] com.ashen.student.controller.StudentController [http-nio-8080-exec-4] Deleted Student!
2023-03-20 21:57:03,131 [TRACE] com.ashen.student.controller.StudentController [http-nio-8080-exec-5] All Students Listed!
2023-03-20 21:57:03,798 [TRACE] com.ashen.student.controller.StudentController [http-nio-8080-exec-7] Deleted Student!
2023-03-20 21:57:03,816 [TRACE] com.ashen.student.controller.StudentController [http-nio-8080-exec-8] All Students Listed!
2023-03-20 22:00:21,185 [TRACE] com.ashen.student.controller.StudentController [http-nio-8080-exec-1] All Students Listed!
2023-03-20 22:00:21,200 [WARN] org.hibernate.engine.jdbc.spi.SqlExceptionHelper [http-nio-8080-exec-1] SQL Error: 1146, SQLState: 42S02
2023-03-20 22:00:21,201 [ERROR] org.hibernate.engine.jdbc.spi.SqlExceptionHelper [http-nio-8080-exec-1] Table 'student_system.student' doesn't exist
2023-03-20 22:00:21,212 [ERROR] org.apache.catalina.core.ContainerBase.[Tomcat].[localhost].[/].[dispatcherServlet] [http-nio-8080-exec-1] Servlet.service() for servlet [dispatcherServlet] in context with path [] threw exception [Request processing failed; nested exception is org.springframework.dao.InvalidDataAccessResourceUsageException: could not extract ResultSet; SQL [n/a]; nested exception is org.hibernate.exception.SQLGrammarException: could not extract ResultSet] with root cause
java.sql.SQLSyntaxErrorException: Table 'student_system.student' doesn't exist
	at com.mysql.cj.jdbc.exceptions.SQLError.createSQLException(SQLError.java:120)
	at com.mysql.cj.jdbc.exceptions.SQLExceptionsMapping.translateException(SQLExceptionsMapping.java:122)
	at com.mysql.cj.jdbc.ClientPreparedStatement.executeInternal(ClientPreparedStatement.java:916)
	at com.mysql.cj.jdbc.ClientPreparedStatement.executeQuery(ClientPreparedStatement.java:972)
	at com.zaxxer.hikari.pool.ProxyPreparedStatement.executeQuery(ProxyPreparedStatement.java:52)
	at com.zaxxer.hikari.pool.HikariProxyPreparedStatement.executeQuery(HikariProxyPreparedStatement.java)
	at org.hibernate.engine.jdbc.internal.ResultSetReturnImpl.extract(ResultSetReturnImpl.java:57)
	at org.hibernate.loader.Loader.getResultSet(Loader.java:2322)
	at org.hibernate.loader.Loader.executeQueryStatement(Loader.java:2075)
	at org.hibernate.loader.Loader.executeQueryStatement(Loader.java:2037)
	at org.hibernate.loader.Loader.doQuery(Loader.java:956)
	at org.hibernate.loader.Loader.doQueryAndInitializeNonLazyCollections(Loader.java:357)
	at org.hibernate.loader.Loader.doList(Loader.java:2868)
	at org.hibernate.loader.Loader.doList(Loader.java:2850)
	at org.hibernate.loader.Loader.listIgnoreQueryCache(Loader.java:2682)
	at org.hibernate.loader.Loader.list(Loader.java:2677)
	at org.hibernate.loader.hql.QueryLoader.list(QueryLoader.java:540)
	at org.hibernate.hql.internal.ast.QueryTranslatorImpl.list(QueryTranslatorImpl.java:400)
	at org.hibernate.engine.query.spi.HQLQueryPlan.performList(HQLQueryPlan.java:218)
	at org.hibernate.internal.SessionImpl.list(SessionImpl.java:1459)
	at org.hibernate.query.internal.AbstractProducedQuery.doList(AbstractProducedQuery.java:1649)
	at org.hibernate.query.internal.AbstractProducedQuery.list(AbstractProducedQuery.java:1617)
	at org.hibernate.query.Query.getResultList(Query.java:165)
	at org.hibernate.query.criteria.internal.compile.CriteriaQueryTypeQueryAdapter.getResultList(CriteriaQueryTypeQueryAdapter.java:76)
	at org.springframework.data.jpa.repository.support.SimpleJpaRepository.findAll(SimpleJpaRepository.java:427)
	at org.springframework.data.jpa.repository.support.SimpleJpaRepository.findAll(SimpleJpaRepository.java:88)
	at java.base/jdk.internal.reflect.DirectMethodHandleAccessor.invoke(DirectMethodHandleAccessor.java:104)
	at java.base/java.lang.reflect.Method.invoke(Method.java:578)
	at org.springframework.data.repository.core.support.RepositoryMethodInvoker$RepositoryFragmentMethodInvoker.lambda$new$0(RepositoryMethodInvoker.java:289)
	at org.springframework.data.repository.core.support.RepositoryMethodInvoker.doInvoke(RepositoryMethodInvoker.java:137)
	at org.springframework.data.repository.core.support.RepositoryMethodInvoker.invoke(RepositoryMethodInvoker.java:121)
	at org.springframework.data.repository.core.support.RepositoryComposition$RepositoryFragments.invoke(RepositoryComposition.java:530)
	at org.springframework.data.repository.core.support.RepositoryComposition.invoke(RepositoryComposition.java:286)
	at org.springframework.data.repository.core.support.RepositoryFactorySupport$ImplementationMethodExecutionInterceptor.invoke(RepositoryFactorySupport.java:640)
	at org.springframework.aop.framework.ReflectiveMethodInvocation.proceed(ReflectiveMethodInvocation.java:186)
	at org.springframework.data.repository.core.support.QueryExecutorMethodInterceptor.doInvoke(QueryExecutorMethodInterceptor.java:164)
	at org.springframework.data.repository.core.support.QueryExecutorMethodInterceptor.invoke(QueryExecutorMethodInterceptor.java:139)
	at org.springframework.aop.framework.ReflectiveMethodInvocation.proceed(ReflectiveMethodInvocation.java:186)
	at org.springframework.data.projection.DefaultMethodInvokingMethodInterceptor.invoke(DefaultMethodInvokingMethodInterceptor.java:81)
	at org.springframework.aop.framework.ReflectiveMethodInvocation.proceed(ReflectiveMethodInvocation.java:186)
	at org.springframework.transaction.interceptor.TransactionInterceptor$1.proceedWithInvocation(TransactionInterceptor.java:123)
	at org.springframework.transaction.interceptor.TransactionAspectSupport.invokeWithinTransaction(TransactionAspectSupport.java:388)
	at org.springframework.transaction.interceptor.TransactionInterceptor.invoke(TransactionInterceptor.java:119)
	at org.springframework.aop.framework.ReflectiveMethodInvocation.proceed(ReflectiveMethodInvocation.java:186)
	at org.springframework.dao.support.PersistenceExceptionTranslationInterceptor.invoke(PersistenceExceptionTranslationInterceptor.java:137)
	at org.springframework.aop.framework.ReflectiveMethodInvocation.proceed(ReflectiveMethodInvocation.java:186)
	at org.springframework.data.jpa.repository.support.CrudMethodMetadataPostProcessor$CrudMethodMetadataPopulatingMethodInterceptor.invoke(CrudMethodMetadataPostProcessor.java:174)
	at org.springframework.aop.framework.ReflectiveMethodInvocation.proceed(ReflectiveMethodInvocation.java:186)
	at org.springframework.aop.interceptor.ExposeInvocationInterceptor.invoke(ExposeInvocationInterceptor.java:97)
	at org.springframework.aop.framework.ReflectiveMethodInvocation.proceed(ReflectiveMethodInvocation.java:186)
	at org.springframework.aop.framework.JdkDynamicAopProxy.invoke(JdkDynamicAopProxy.java:215)
	at jdk.proxy2/jdk.proxy2.$Proxy99.findAll(Unknown Source)
	at com.ashen.student.controller.StudentController.getAllStudents(StudentController.java:30)
	at java.base/jdk.internal.reflect.DirectMethodHandleAccessor.invoke(DirectMethodHandleAccessor.java:104)
	at java.base/java.lang.reflect.Method.invoke(Method.java:578)
	at org.springframework.web.method.support.InvocableHandlerMethod.doInvoke(InvocableHandlerMethod.java:205)
	at org.springframework.web.method.support.InvocableHandlerMethod.invokeForRequest(InvocableHandlerMethod.java:150)
	at org.springframework.web.servlet.mvc.method.annotation.ServletInvocableHandlerMethod.invokeAndHandle(ServletInvocableHandlerMethod.java:117)
	at org.springframework.web.servlet.mvc.method.annotation.RequestMappingHandlerAdapter.invokeHandlerMethod(RequestMappingHandlerAdapter.java:895)
	at org.springframework.web.servlet.mvc.method.annotation.RequestMappingHandlerAdapter.handleInternal(RequestMappingHandlerAdapter.java:808)
	at org.springframework.web.servlet.mvc.method.AbstractHandlerMethodAdapter.handle(AbstractHandlerMethodAdapter.java:87)
	at org.springframework.web.servlet.DispatcherServlet.doDispatch(DispatcherServlet.java:1071)
	at org.springframework.web.servlet.DispatcherServlet.doService(DispatcherServlet.java:964)
	at org.springframework.web.servlet.FrameworkServlet.processRequest(FrameworkServlet.java:1006)
	at org.springframework.web.servlet.FrameworkServlet.doGet(FrameworkServlet.java:898)
	at javax.servlet.http.HttpServlet.service(HttpServlet.java:670)
	at org.springframework.web.servlet.FrameworkServlet.service(FrameworkServlet.java:883)
	at javax.servlet.http.HttpServlet.service(HttpServlet.java:779)
	at org.apache.catalina.core.ApplicationFilterChain.internalDoFilter(ApplicationFilterChain.java:227)
	at org.apache.catalina.core.ApplicationFilterChain.doFilter(ApplicationFilterChain.java:162)
	at org.apache.tomcat.websocket.server.WsFilter.doFilter(WsFilter.java:53)
	at org.apache.catalina.core.ApplicationFilterChain.internalDoFilter(ApplicationFilterChain.java:189)
	at org.apache.catalina.core.ApplicationFilterChain.doFilter(ApplicationFilterChain.java:162)
	at org.springframework.web.filter.RequestContextFilter.doFilterInternal(RequestContextFilter.java:100)
	at org.springframework.web.filter.OncePerRequestFilter.doFilter(OncePerRequestFilter.java:117)
	at org.apache.catalina.core.ApplicationFilterChain.internalDoFilter(ApplicationFilterChain.java:189)
	at org.apache.catalina.core.ApplicationFilterChain.doFilter(ApplicationFilterChain.java:162)
	at org.springframework.web.filter.FormContentFilter.doFilterInternal(FormContentFilter.java:93)
	at org.springframework.web.filter.OncePerRequestFilter.doFilter(OncePerRequestFilter.java:117)
	at org.apache.catalina.core.ApplicationFilterChain.internalDoFilter(ApplicationFilterChain.java:189)
	at org.apache.catalina.core.ApplicationFilterChain.doFilter(ApplicationFilterChain.java:162)
	at org.springframework.web.filter.CharacterEncodingFilter.doFilterInternal(CharacterEncodingFilter.java:201)
	at org.springframework.web.filter.OncePerRequestFilter.doFilter(OncePerRequestFilter.java:117)
	at org.apache.catalina.core.ApplicationFilterChain.internalDoFilter(ApplicationFilterChain.java:189)
	at org.apache.catalina.core.ApplicationFilterChain.doFilter(ApplicationFilterChain.java:162)
	at org.apache.catalina.core.StandardWrapperValve.invoke(StandardWrapperValve.java:177)
	at org.apache.catalina.core.StandardContextValve.invoke(StandardContextValve.java:97)
	at org.apache.catalina.authenticator.AuthenticatorBase.invoke(AuthenticatorBase.java:541)
	at org.apache.catalina.core.StandardHostValve.invoke(StandardHostValve.java:135)
	at org.apache.catalina.valves.ErrorReportValve.invoke(ErrorReportValve.java:92)
	at org.apache.catalina.core.StandardEngineValve.invoke(StandardEngineValve.java:78)
	at org.apache.catalina.connector.CoyoteAdapter.service(CoyoteAdapter.java:360)
	at org.apache.coyote.http11.Http11Processor.service(Http11Processor.java:399)
	at org.apache.coyote.AbstractProcessorLight.process(AbstractProcessorLight.java:65)
	at org.apache.coyote.AbstractProtocol$ConnectionHandler.process(AbstractProtocol.java:891)
	at org.apache.tomcat.util.net.NioEndpoint$SocketProcessor.doRun(NioEndpoint.java:1784)
	at org.apache.tomcat.util.net.SocketProcessorBase.run(SocketProcessorBase.java:49)
	at org.apache.tomcat.util.threads.ThreadPoolExecutor.runWorker(ThreadPoolExecutor.java:1191)
	at org.apache.tomcat.util.threads.ThreadPoolExecutor$Worker.run(ThreadPoolExecutor.java:659)
	at org.apache.tomcat.util.threads.TaskThread$WrappingRunnable.run(TaskThread.java:61)
	at java.base/java.lang.Thread.run(Thread.java:1589)
2023-03-20 22:02:18,671 [INFO] org.springframework.orm.jpa.LocalContainerEntityManagerFactoryBean [SpringApplicationShutdownHook] Closing JPA EntityManagerFactory for persistence unit 'default'
2023-03-20 22:02:18,673 [INFO] com.zaxxer.hikari.HikariDataSource [SpringApplicationShutdownHook] HikariPool-1 - Shutdown initiated...
2023-03-20 22:02:18,683 [INFO] com.zaxxer.hikari.HikariDataSource [SpringApplicationShutdownHook] HikariPool-1 - Shutdown completed.
2023-03-20 22:02:22,908 [INFO] com.ashen.student.StudentSystemApiApplication [main] Starting StudentSystemApiApplication using Java 19.0.1 on LAPTOP-TMA1IPJL with PID 38792 (D:\KDU\Semester 5\Software Construction Technologies and Tools\student-management-backend\student-system-api\target\classes started by ashen in D:\KDU\Semester 5\Software Construction Technologies and Tools\student-management-backend\student-system-api)
2023-03-20 22:02:22,912 [DEBUG] com.ashen.student.StudentSystemApiApplication [main] Running with Spring Boot v2.7.9, Spring v5.3.25
2023-03-20 22:02:22,913 [INFO] com.ashen.student.StudentSystemApiApplication [main] No active profile set, falling back to 1 default profile: "default"
2023-03-20 22:02:23,490 [INFO] org.springframework.data.repository.config.RepositoryConfigurationDelegate [main] Bootstrapping Spring Data JPA repositories in DEFAULT mode.
2023-03-20 22:02:23,557 [INFO] org.springframework.data.repository.config.RepositoryConfigurationDelegate [main] Finished Spring Data repository scanning in 58 ms. Found 2 JPA repository interfaces.
2023-03-20 22:02:24,058 [INFO] org.springframework.boot.web.embedded.tomcat.TomcatWebServer [main] Tomcat initialized with port(s): 8080 (http)
2023-03-20 22:02:24,073 [INFO] org.apache.catalina.core.StandardService [main] Starting service [Tomcat]
2023-03-20 22:02:24,073 [INFO] org.apache.catalina.core.StandardEngine [main] Starting Servlet engine: [Apache Tomcat/9.0.71]
2023-03-20 22:02:24,193 [INFO] org.apache.catalina.core.ContainerBase.[Tomcat].[localhost].[/] [main] Initializing Spring embedded WebApplicationContext
2023-03-20 22:02:24,193 [INFO] org.springframework.boot.web.servlet.context.ServletWebServerApplicationContext [main] Root WebApplicationContext: initialization completed in 1235 ms
2023-03-20 22:02:24,386 [INFO] org.hibernate.jpa.internal.util.LogHelper [main] HHH000204: Processing PersistenceUnitInfo [name: default]
2023-03-20 22:02:24,453 [INFO] org.hibernate.Version [main] HHH000412: Hibernate ORM core version 5.6.15.Final
2023-03-20 22:02:24,629 [INFO] org.hibernate.annotations.common.Version [main] HCANN000001: Hibernate Commons Annotations {5.1.2.Final}
2023-03-20 22:02:24,719 [INFO] com.zaxxer.hikari.HikariDataSource [main] HikariPool-1 - Starting...
2023-03-20 22:02:24,726 [WARN] com.zaxxer.hikari.util.DriverDataSource [main] Registered driver with driverClassName=com.mysql.jdbc.Driver was not found, trying direct instantiation.
2023-03-20 22:02:25,083 [INFO] com.zaxxer.hikari.HikariDataSource [main] HikariPool-1 - Start completed.
2023-03-20 22:02:25,112 [INFO] org.hibernate.dialect.Dialect [main] HHH000400: Using dialect: org.hibernate.dialect.MySQL8Dialect
2023-03-20 22:02:25,701 [INFO] org.hibernate.engine.transaction.jta.platform.internal.JtaPlatformInitiator [main] HHH000490: Using JtaPlatform implementation: [org.hibernate.engine.transaction.jta.platform.internal.NoJtaPlatform]
2023-03-20 22:02:25,709 [INFO] org.springframework.orm.jpa.LocalContainerEntityManagerFactoryBean [main] Initialized JPA EntityManagerFactory for persistence unit 'default'
2023-03-20 22:02:25,942 [WARN] org.springframework.boot.autoconfigure.orm.jpa.JpaBaseConfiguration$JpaWebConfiguration [main] spring.jpa.open-in-view is enabled by default. Therefore, database queries may be performed during view rendering. Explicitly configure spring.jpa.open-in-view to disable this warning
2023-03-20 22:02:26,241 [INFO] org.springframework.boot.web.embedded.tomcat.TomcatWebServer [main] Tomcat started on port(s): 8080 (http) with context path ''
2023-03-20 22:02:26,249 [INFO] com.ashen.student.StudentSystemApiApplication [main] Started StudentSystemApiApplication in 3.692 seconds (JVM running for 4.547)
2023-03-20 22:21:43,540 [INFO] org.apache.catalina.core.ContainerBase.[Tomcat].[localhost].[/] [http-nio-8080-exec-1] Initializing Spring DispatcherServlet 'dispatcherServlet'
2023-03-20 22:21:43,541 [INFO] org.springframework.web.servlet.DispatcherServlet [http-nio-8080-exec-1] Initializing Servlet 'dispatcherServlet'
2023-03-20 22:21:43,542 [INFO] org.springframework.web.servlet.DispatcherServlet [http-nio-8080-exec-1] Completed initialization in 1 ms
2023-03-20 22:21:43,652 [TRACE] com.ashen.student.controller.StudentController [http-nio-8080-exec-2] New Student Created!
2023-03-20 22:21:43,799 [TRACE] com.ashen.student.controller.StudentController [http-nio-8080-exec-4] All Students Listed!
2023-03-20 22:21:43,940 [TRACE] com.ashen.student.controller.StudentController [http-nio-8080-exec-3] All Students Listed!
2023-03-20 22:26:45,170 [TRACE] com.ashen.student.controller.StudentController [http-nio-8080-exec-9] All Students Listed!
2023-03-20 22:27:29,844 [TRACE] com.ashen.student.controller.StudentController [http-nio-8080-exec-5] All Students Listed!
2023-03-20 22:27:29,856 [TRACE] com.ashen.student.controller.StudentController [http-nio-8080-exec-7] All Students Listed!
2023-03-20 22:27:46,050 [TRACE] com.ashen.student.controller.StudentController [http-nio-8080-exec-10] New Student Created!
2023-03-20 22:27:46,075 [TRACE] com.ashen.student.controller.StudentController [http-nio-8080-exec-1] All Students Listed!
2023-03-20 22:27:46,086 [TRACE] com.ashen.student.controller.StudentController [http-nio-8080-exec-2] All Students Listed!
2023-03-20 22:28:22,350 [TRACE] com.ashen.student.controller.StudentController [http-nio-8080-exec-3] New Student Created!
2023-03-20 22:28:31,272 [TRACE] com.ashen.student.controller.StudentController [http-nio-8080-exec-8] All Students Listed!
2023-03-20 22:28:31,284 [TRACE] com.ashen.student.controller.StudentController [http-nio-8080-exec-6] All Students Listed!
2023-03-20 22:30:16,334 [TRACE] com.ashen.student.controller.StudentController [http-nio-8080-exec-10] New Student Created!
2023-03-20 22:30:16,365 [TRACE] com.ashen.student.controller.StudentController [http-nio-8080-exec-1] All Students Listed!
2023-03-20 22:30:16,374 [TRACE] com.ashen.student.controller.StudentController [http-nio-8080-exec-2] All Students Listed!
2023-03-20 22:30:32,916 [TRACE] com.ashen.student.controller.StudentController [http-nio-8080-exec-4] Student found by ID
2023-03-20 22:30:32,931 [TRACE] com.ashen.student.controller.StudentController [http-nio-8080-exec-3] Student found by ID
2023-03-20 22:30:40,297 [TRACE] com.ashen.student.controller.StudentController [http-nio-8080-exec-8] All Students Listed!
2023-03-20 22:30:40,307 [TRACE] com.ashen.student.controller.StudentController [http-nio-8080-exec-6] All Students Listed!
